<?xml version="1.0" encoding="UTF-8"?>
<testsuite name="com.bridgelabz.ParkingLot.ParkingLotTest" tests="1" skipped="0" failures="0" errors="0" timestamp="2020-05-02T04:58:00" hostname="Macifier" time="0.003">
  <properties/>
  <testcase name="givenWhenParkingLot_ISFull_ShouldInformTheOwner" classname="com.bridgelabz.ParkingLot.ParkingLotTest" time="0.003"/>
  <system-out><![CDATA[]]></system-out>
  <system-err><![CDATA[]]></system-err>
</testsuite>
