<?xml version="1.0" encoding="UTF-8"?>
<testsuite name="com.bridgelabz.ParkingLot.ParkingLotTest" tests="1" skipped="0" failures="0" errors="0" timestamp="2020-05-11T04:55:18" hostname="Macifier" time="0.047">
  <properties/>
  <testcase name="givenPoliceDepartmentWant_ToKnow_AllBMWParkedLocation" classname="com.bridgelabz.ParkingLot.ParkingLotTest" time="0.047"/>
  <system-out><![CDATA[]]></system-out>
  <system-err><![CDATA[]]></system-err>
</testsuite>
