<?xml version="1.0" encoding="UTF-8"?>
<testsuite name="com.bridgelabz.ParkingLot.ParkingLotTest" tests="1" skipped="0" failures="0" errors="0" timestamp="2020-05-01T06:53:04" hostname="Macifier" time="0.008">
  <properties/>
  <testcase name="givenAVehicle_WhenParked_ShouldReturnTrue" classname="com.bridgelabz.ParkingLot.ParkingLotTest" time="0.008"/>
  <system-out><![CDATA[]]></system-out>
  <system-err><![CDATA[]]></system-err>
</testsuite>
