<?xml version="1.0" encoding="UTF-8"?>
<testsuite name="com.bridgelabz.ParkingLot.ParkingLotTest" tests="1" skipped="0" failures="0" errors="0" timestamp="2020-05-03T20:01:36" hostname="Macifier" time="0.005">
  <properties/>
  <testcase name="givenAsParkingLotOwner_WantParkingAttendant_ToParkcars" classname="com.bridgelabz.ParkingLot.ParkingLotTest" time="0.005"/>
  <system-out><![CDATA[]]></system-out>
  <system-err><![CDATA[]]></system-err>
</testsuite>
