<?xml version="1.0" encoding="UTF-8"?>
<testsuite name="com.bridgelabz.ParkingLot.ParkingLotTest" tests="1" skipped="0" failures="0" errors="0" timestamp="2020-05-02T05:20:37" hostname="Macifier" time="0.002">
  <properties/>
  <testcase name="givenCapacityIs2_ShouldBeAbleToPark2Vehicles" classname="com.bridgelabz.ParkingLot.ParkingLotTest" time="0.002"/>
  <system-out><![CDATA[]]></system-out>
  <system-err><![CDATA[]]></system-err>
</testsuite>
