<?xml version="1.0" encoding="UTF-8"?>
<testsuite name="com.bridgelabz.ParkingLot.ParkingLotMockitoTest" tests="5" skipped="0" failures="0" errors="0" timestamp="2020-05-12T21:31:58" hostname="Macifier" time="0.8">
  <properties/>
  <testcase name="givenAVehicle_whenAttendantUnParked_ShouldReturnFalse" classname="com.bridgelabz.ParkingLot.ParkingLotMockitoTest" time="0.775"/>
  <testcase name="givenAVehicle_whenDriverWantToFind_ShouldReturnVehicleSlot" classname="com.bridgelabz.ParkingLot.ParkingLotMockitoTest" time="0.002"/>
  <testcase name="givenAVehicle_WhenAttendantParkedInEvenlyDistributedLots_ShouldReturnLotNumber" classname="com.bridgelabz.ParkingLot.ParkingLotMockitoTest" time="0.003"/>
  <testcase name="givenAVehicle_whenAttendantParked_ShouldReturnTrue" classname="com.bridgelabz.ParkingLot.ParkingLotMockitoTest" time="0.001"/>
  <testcase name="givenAVehicle_whenAttendantNotParked_ShouldReturnFalse" classname="com.bridgelabz.ParkingLot.ParkingLotMockitoTest" time="0.001"/>
  <system-out><![CDATA[]]></system-out>
  <system-err><![CDATA[]]></system-err>
</testsuite>
