<?xml version="1.0" encoding="UTF-8"?>
<testsuite name="com.bridgelabz.ParkingLot.ParkingLotTest" tests="1" skipped="0" failures="0" errors="0" timestamp="2020-05-13T07:33:52" hostname="Macifier" time="0.062">
  <properties/>
  <testcase name="givenPolice_WantsToKnowLocationOf_SmallAndHandicapVehicle" classname="com.bridgelabz.ParkingLot.ParkingLotTest" time="0.062"/>
  <system-out><![CDATA[]]></system-out>
  <system-err><![CDATA[]]></system-err>
</testsuite>
