<?xml version="1.0" encoding="UTF-8"?>
<testsuite name="com.bridgelabz.ParkingLot.ParkingLotTest" tests="1" skipped="0" failures="0" errors="0" timestamp="2020-05-10T17:16:53" hostname="Macifier" time="0.026">
  <properties/>
  <testcase name="givenHandicapDriverVehicle_ParkToNearestFreeSpace" classname="com.bridgelabz.ParkingLot.ParkingLotTest" time="0.026"/>
  <system-out><![CDATA[]]></system-out>
  <system-err><![CDATA[]]></system-err>
</testsuite>
